<?xml version="1.0" encoding="UTF-8"?>
<testsuite xmlns:xsi="http://www.w3.org/2001/XMLSchema-instance" xsi:noNamespaceSchemaLocation="https://maven.apache.org/surefire/maven-surefire-plugin/xsd/surefire-test-report.xsd" name="com.board.game.mankala.RealToBotPlayingStrategyTest" time="3.671" tests="4" errors="0" skipped="0" failures="0">
  <properties>
[...]
</properties>
  <testcase name="when_real_player_move_should_not_get_extra_pit_from_bot" classname="com.board.game.mankala.RealToBotPlayingStrategyTest" time="0.521"/>
  <testcase name="when_bot_player_move_lead_to_get_extra_pit_from_real_1" classname="com.board.game.mankala.RealToBotPlayingStrategyTest" time="0.019"/>
  <testcase name="when_bot_player_move_lead_to_get_extra_pit_from_real_2" classname="com.board.game.mankala.RealToBotPlayingStrategyTest" time="0.016"/>
  <testcase name="when_real_player_move_lead_to_get_extra_pit_from_bot_1" classname="com.board.game.mankala.RealToBotPlayingStrategyTest" time="0.019"/>
</testsuite>